[37] Roundabout mandatory w prob 0.9837442493438721
[26] Bicycles crossing w prob 0.9708414530754089
[26] Bicycles crossing w prob 0.9796264624595642
[26] Bicycles crossing w prob 0.9599481678009033
[26] Bicycles crossing w prob 0.9836966252326965
[26] Bicycles crossing w prob 0.9833975291252136
[26] Bicycles crossing w prob 0.9849690055847168
[26] Bicycles crossing w prob 0.9830494976043701
[26] Bicycles crossing w prob 0.9849874830245972
[26] Bicycles crossing w prob 0.9836193776130676
[26] Bicycles crossing w prob 0.9835893368721008
[26] Bicycles crossing w prob 0.9848643398284912
[26] Bicycles crossing w prob 0.9843809461593628
[26] Bicycles crossing w prob 0.9846841549873352
[37] Roundabout mandatory w prob 0.9845117783546448
[10] Priority road w prob 0.9827934956550598
[37] Roundabout mandatory w prob 0.9562810516357422
[37] Roundabout mandatory w prob 0.9579205369949341
[37] Roundabout mandatory w prob 0.9835942840576172
[12] Stop w prob 0.980750367641449
[12] Stop w prob 0.9842221593856811
[12] Stop w prob 0.9847397661209106
[12] Stop w prob 0.9848072385787964
[12] Stop w prob 0.9849987483024597
[12] Stop w prob 0.985
[12] Stop w prob 0.9849995231628418
[12] Stop w prob 0.9830970621109009
[12] Stop w prob 0.9844668364524841
[12] Stop w prob 0.970632598400116
[12] Stop w prob 0.9678373789787292
[15] No entry w prob 0.9591670489311218
[37] Roundabout mandatory w prob 0.9630012965202331
[37] Roundabout mandatory w prob 0.9628932332992554
[10] Priority road w prob 0.9819611167907715
[10] Priority road w prob 0.9562700247764587
[10] Priority road w prob 0.9796708083152771
[37] Roundabout mandatory w prob 0.958478376865387
[37] Roundabout mandatory w prob 0.9645563220977783
[37] Roundabout mandatory w prob 0.9719115352630615
[11] Yield w prob 0.9841481304168701
[11] Yield w prob 0.9840492463111877
[11] Yield w prob 0.9847458457946777
[11] Yield w prob 0.9846664524078369
[25] Children crossing w prob 0.984988317489624
[25] Children crossing w prob 0.9849998807907104
[25] Children crossing w prob 0.9849977350234985
[25] Children crossing w prob 0.9843913769721985
[25] Children crossing w prob 0.9849960064888
[27] Beware of ice/snow w prob 0.984441385269165
[27] Beware of ice/snow w prob 0.9734258508682251
[25] Children crossing w prob 0.9849883770942688
[25] Children crossing w prob 0.9849889135360718
[27] Beware of ice/snow w prob 0.9800722455978393
[25] Children crossing w prob 0.9625429368019104
[11] Yield w prob 0.984998152256012
[11] Yield w prob 0.9849648332595825
[11] Yield w prob 0.9849738931655884
[12] Stop w prob 0.9806597089767456
[12] Stop w prob 0.9846849298477173
[25] Children crossing w prob 0.9846787905693054
[25] Children crossing w prob 0.9849916553497314
[25] Children crossing w prob 0.9849995231628418
[25] Children crossing w prob 0.9849996423721313
[25] Children crossing w prob 0.9847994303703308
[25] Children crossing w prob 0.9830830550193786
[25] Children crossing w prob 0.9608023023605347
[25] Children crossing w prob 0.9846950626373291
[25] Children crossing w prob 0.9849921917915344
[25] Children crossing w prob 0.985
[25] Children crossing w prob 0.9849999403953552
[25] Children crossing w prob 0.985
[25] Children crossing w prob 0.9754933571815491
[25] Children crossing w prob 0.9781197762489319
[25] Children crossing w prob 0.985
[25] Children crossing w prob 0.984999463558197
[25] Children crossing w prob 0.9849998211860657
[25] Children crossing w prob 0.9799206709861755
[10] Priority road w prob 0.9825103139877319
[10] Priority road w prob 0.9848157024383545
[10] Priority road w prob 0.9565776443481445
[37] Roundabout mandatory w prob 0.9631401753425598
[24] Pedestrians w prob 0.9633120155334473
[24] Pedestrians w prob 0.9528429365158081
[37] Roundabout mandatory w prob 0.9649786806106567
[11] Yield w prob 0.9849904632568359
[11] Yield w prob 0.9849886751174927
[11] Yield w prob 0.9834235167503357
[11] Yield w prob 0.9849971389770508
[11] Yield w prob 0.985
[11] Yield w prob 0.985
[26] Bicycles crossing w prob 0.9697672581672668
[23] Road work w prob 0.9842037415504455
[23] Road work w prob 0.9664962148666382
[23] Road work w prob 0.9763893938064575
[23] Road work w prob 0.9542123532295227
[23] Road work w prob 0.981072769165039
[23] Road work w prob 0.9700708246231079
[25] Children crossing w prob 0.968512818813324
[25] Children crossing w prob 0.9831048703193664
[25] Children crossing w prob 0.9721092438697815
[23] Road work w prob 0.9815975880622864
[23] Road work w prob 0.9801360821723938
[37] Roundabout mandatory w prob 0.9728724217414856
[37] Roundabout mandatory w prob 0.9796619868278503
[10] Priority road w prob 0.9637437915802002
[37] Roundabout mandatory w prob 0.9580767607688904
[37] Roundabout mandatory w prob 0.9637535071372986
[37] Roundabout mandatory w prob 0.9798078989982605
[37] Roundabout mandatory w prob 0.9530968523025513
[37] Roundabout mandatory w prob 0.9572592234611511
[24] Pedestrians w prob 0.9841629123687744
[37] Roundabout mandatory w prob 0.9844045495986938
[37] Roundabout mandatory w prob 0.9811927533149719
[37] Roundabout mandatory w prob 0.9848721480369568
[37] Roundabout mandatory w prob 0.9848745322227478
[37] Roundabout mandatory w prob 0.9834508156776428
[37] Roundabout mandatory w prob 0.9840496635437012
[37] Roundabout mandatory w prob 0.9840637898445129
[37] Roundabout mandatory w prob 0.9838818764686584
[37] Roundabout mandatory w prob 0.9830077743530273
[37] Roundabout mandatory w prob 0.9839357590675354
[37] Roundabout mandatory w prob 0.980173454284668
[37] Roundabout mandatory w prob 0.9829376792907715
[37] Roundabout mandatory w prob 0.9848048543930054
[37] Roundabout mandatory w prob 0.977627203464508
[37] Roundabout mandatory w prob 0.9540497517585754
[23] Road work w prob 0.9688134050369263
[23] Road work w prob 0.950053379535675
[26] Bicycles crossing w prob 0.9790543174743652
[26] Bicycles crossing w prob 0.9682059144973755
[26] Bicycles crossing w prob 0.9731306290626526
[26] Bicycles crossing w prob 0.9661568260192871
[26] Bicycles crossing w prob 0.9713216280937195
[24] Pedestrians w prob 0.9838797903060913
[24] Pedestrians w prob 0.98488853931427
[24] Pedestrians w prob 0.984595582485199
[24] Pedestrians w prob 0.9822670674324036
[24] Pedestrians w prob 0.9838965392112732
[24] Pedestrians w prob 0.9772970533370972
[26] Bicycles crossing w prob 0.9813613748550415
[24] Pedestrians w prob 0.9501539325714111
[24] Pedestrians w prob 0.978179440498352
[24] Pedestrians w prob 0.9849017715454101
[26] Bicycles crossing w prob 0.9580846285820007
[24] Pedestrians w prob 0.951594398021698
[10] Priority road w prob 0.9702625131607056
[30] Turn right ahead w prob 0.985
[30] Turn right ahead w prob 0.985
[30] Turn right ahead w prob 0.9849997615814209
[30] Turn right ahead w prob 0.985
[30] Turn right ahead w prob 0.985
[30] Turn right ahead w prob 0.985
[30] Turn right ahead w prob 0.9849997615814209
[30] Turn right ahead w prob 0.9849999403953552
[30] Turn right ahead w prob 0.985
[30] Turn right ahead w prob 0.9849999403953552
[30] Turn right ahead w prob 0.9849998807907104
[30] Turn right ahead w prob 0.9849999403953552
[30] Turn right ahead w prob 0.985
[30] Turn right ahead w prob 0.9849996423721313
[30] Turn right ahead w prob 0.984999463558197
[30] Turn right ahead w prob 0.9849865293502807
[30] Turn right ahead w prob 0.9849943971633911
[30] Turn right ahead w prob 0.9849842643737793
[30] Turn right ahead w prob 0.9849999403953552
[30] Turn right ahead w prob 0.9849954104423523
[30] Turn right ahead w prob 0.985
[30] Turn right ahead w prob 0.9849999403953552
[30] Turn right ahead w prob 0.9849998807907104
[30] Turn right ahead w prob 0.985
[30] Turn right ahead w prob 0.9849998211860657
[30] Turn right ahead w prob 0.9849998211860657
[30] Turn right ahead w prob 0.985
[30] Turn right ahead w prob 0.985
[24] Pedestrians w prob 0.9635748720169067
[24] Pedestrians w prob 0.9737416958808899
